<?xml version="1.0" encoding="UTF-8"?>
<!-- Generated by org.testng.reporters.JUnitReportReporter -->
<testsuite hostname="XAV-502000032" failures="0" tests="1" name="Loginpage" time="29.850" errors="0" timestamp="16 Apr 2020 11:49:20 GMT" skipped="0">
  <testcase classname="Loginpage" name="loginpage" time="29.850"/>
</testsuite> <!-- Loginpage -->
