<?xml version="1.0" encoding="UTF-8"?>
<!-- Generated by org.testng.reporters.JUnitReportReporter -->
<testsuite hostname="XAV-502000032" failures="0" tests="4" name="Managetest.Createaccounttest" time="0.000" errors="0" timestamp="17 Apr 2020 16:06:02 GMT" skipped="4">
  <testcase classname="Managetest.Createaccounttest" name="SignInPageTestThree" time="0.000">
    <skipped/>
  </testcase> <!-- SignInPageTestThree -->
  <testcase classname="Managetest.Createaccounttest" name="verifySignInFunction" time="0.000">
    <skipped/>
  </testcase> <!-- verifySignInFunction -->
  <testcase classname="Managetest.Createaccounttest" name="SignInPageTestTwo" time="0.000">
    <skipped/>
  </testcase> <!-- SignInPageTestTwo -->
  <testcase classname="Managetest.Createaccounttest" name="SignInPageTestOne" time="0.000">
    <skipped/>
  </testcase> <!-- SignInPageTestOne -->
</testsuite> <!-- Managetest.Createaccounttest -->
