<?xml version="1.0" encoding="UTF-8"?>
<!-- Generated by org.testng.reporters.JUnitReportReporter -->
<testsuite hostname="XAV-502000032" failures="0" tests="1" name="Managetest.MACDactionscript" time="0.000" errors="0" timestamp="01 May 2020 17:37:19 GMT" skipped="1">
  <testcase classname="Managetest.MACDactionscript" name="MACDaction" time="0.000">
    <skipped/>
  </testcase> <!-- MACDaction -->
</testsuite> <!-- Managetest.MACDactionscript -->
