<?xml version="1.0" encoding="UTF-8"?>
<!-- Generated by org.testng.reporters.JUnitReportReporter -->
<testsuite hostname="XAV-502000032" failures="0" tests="1" name="Managetest.Test99GuruLoginWithPageFactory" time="35.861" errors="0" timestamp="22 Apr 2020 17:51:19 GMT" skipped="0">
  <testcase classname="Managetest.Test99GuruLoginWithPageFactory" name="LoginPage" time="35.861"/>
</testsuite> <!-- Managetest.Test99GuruLoginWithPageFactory -->
